::1 DELETE /products/[ID_DE_UN_PRODUCTO] 401 48 - 4.253 ms
::1 DELETE /products/[ID_DE_UN_PRODUCTO] 401 48 - 0.204 ms
::1 GET /products/6935097cec413356c750b4a5 404 50 - 64.504 ms
::1 GET /products/6935097cec413356c750b4a5 404 50 - 2.720 ms
::1 GET /products/6935097cec413356c750b4a5 404 50 - 2.489 ms
::1 GET /products/6935097cec413356c750b4a5 404 50 - 2.907 ms
::1 GET /products/6935097cec413356c750b4a5 404 50 - 3.798 ms
::1 GET /products/6935097cec413356c750b4a5 404 50 - 2.984 ms
::1 GET /products/6935097cec413356c750b4a5 404 50 - 7.040 ms
::1 GET /products/6935097cec413356c750b4a5 404 50 - 4.327 ms
::1 GET /products/6935097cec413356c750b4a5 404 50 - 5.972 ms
::1 GET /products/6935097cec413356c750b4a5 404 50 - 2.443 ms
::1 POST /products 401 40 - 51.502 ms
::1 GET /auth/register 404 54 - 6.624 ms
::1 POST /auth/register 201 161 - 209.063 ms
::1 POST /auth/login 200 236 - 149.469 ms
::1 POST /auth/login 401 41 - 87.993 ms
::1 POST /auth/login 401 41 - 111.812 ms
::1 POST /auth/login 401 41 - 95.472 ms
::1 POST /auth/login 401 41 - 94.822 ms
::1 POST /auth/login 401 41 - 111.718 ms
